"gcc -o conftest.exe -IC:/Ruby27-x64/include/ruby-2.7.0/x64-mingw32 -IC:/Ruby27-x64/include/ruby-2.7.0/ruby/backward -IC:/Ruby27-x64/include/ruby-2.7.0 -I. -D__USE_MINGW_ANSI_STDIO=1 -DFD_SETSIZE=2048 -D_WIN32_WINNT=0x0600 -D__MINGW_USE_VC2005_COMPAT -D_FILE_OFFSET_BITS=64  -O3 -fno-fast-math -fstack-protector-strong conftest.c  -L. -LC:/Ruby27-x64/lib -L. -pipe -s -fstack-protector-strong  -m64   -lx64-msvcrt-ruby270  -lshell32 -lws2_32 -liphlpapi -limagehlp -lshlwapi  "
checked program was:
/* begin */
1: #include "ruby.h"
2: 
3: #include <winsock2.h>
4: #include <windows.h>
5: int main(int argc, char **argv)
6: {
7:   return !!argv[argc];
8: }
/* end */

"gcc -IC:/Ruby27-x64/include/ruby-2.7.0/x64-mingw32 -IC:/Ruby27-x64/include/ruby-2.7.0/ruby/backward -IC:/Ruby27-x64/include/ruby-2.7.0 -I. -D__USE_MINGW_ANSI_STDIO=1 -DFD_SETSIZE=2048 -D_WIN32_WINNT=0x0600 -D__MINGW_USE_VC2005_COMPAT -D_FILE_OFFSET_BITS=64  -O3 -fno-fast-math -fstack-protector-strong -m64  -c conftest.c"
checked program was:
/* begin */
1: #include "ruby.h"
2: 
3: #include <winsock2.h>
4: #include <windows.h>
5: /*top*/
6: #ifndef _WIN32
7: # error
8: |:/ === _WIN32 undefined === /:|
9: #endif
/* end */

have_macro: checking for HAVE_RUBY_FIBER_SCHEDULER_H... -------------------- no

"gcc -IC:/Ruby27-x64/include/ruby-2.7.0/x64-mingw32 -IC:/Ruby27-x64/include/ruby-2.7.0/ruby/backward -IC:/Ruby27-x64/include/ruby-2.7.0 -I. -D__USE_MINGW_ANSI_STDIO=1 -DFD_SETSIZE=2048 -D_WIN32_WINNT=0x0600 -D__MINGW_USE_VC2005_COMPAT -D_FILE_OFFSET_BITS=64  -O3 -fno-fast-math -fstack-protector-strong -m64  -c conftest.c"
conftest.c:7:3: error: #error 
    7 | # error
      |   ^~~~~
conftest.c:8:1: error: expected identifier or '(' before '|' token
    8 | |:/ === HAVE_RUBY_FIBER_SCHEDULER_H undefined === /:|
      | ^
checked program was:
/* begin */
1: #include "ruby.h"
2: 
3: #include <winsock2.h>
4: #include <windows.h>
5: /*top*/
6: #ifndef HAVE_RUBY_FIBER_SCHEDULER_H
7: # error
8: |:/ === HAVE_RUBY_FIBER_SCHEDULER_H undefined === /:|
9: #endif
/* end */

--------------------

have_func: checking for rb_scheduler_timeout()... -------------------- no

"gcc -o conftest.exe -IC:/Ruby27-x64/include/ruby-2.7.0/x64-mingw32 -IC:/Ruby27-x64/include/ruby-2.7.0/ruby/backward -IC:/Ruby27-x64/include/ruby-2.7.0 -I. -D__USE_MINGW_ANSI_STDIO=1 -DFD_SETSIZE=2048 -D_WIN32_WINNT=0x0600 -D__MINGW_USE_VC2005_COMPAT -D_FILE_OFFSET_BITS=64  -O3 -fno-fast-math -fstack-protector-strong conftest.c  -L. -LC:/Ruby27-x64/lib -L. -pipe -s -fstack-protector-strong  -m64   -lx64-msvcrt-ruby270  -lshell32 -lws2_32 -liphlpapi -limagehlp -lshlwapi  "
conftest.c: In function 't':
conftest.c:17:57: error: 'rb_scheduler_timeout' undeclared (first use in this function)
   17 | int t(void) { void ((*volatile p)()); p = (void ((*)()))rb_scheduler_timeout; return !p; }
      |                                                         ^~~~~~~~~~~~~~~~~~~~
conftest.c:17:57: note: each undeclared identifier is reported only once for each function it appears in
checked program was:
/* begin */
 1: #include "ruby.h"
 2: 
 3: #include <winsock2.h>
 4: #include <windows.h>
 5: 
 6: /*top*/
 7: extern int t(void);
 8: int main(int argc, char **argv)
 9: {
10:   if (argc > 1000000) {
11:     int (* volatile tp)(void)=(int (*)(void))&t;
12:     printf("%d", (*tp)());
13:   }
14: 
15:   return !!argv[argc];
16: }
17: int t(void) { void ((*volatile p)()); p = (void ((*)()))rb_scheduler_timeout; return !p; }
/* end */

"gcc -o conftest.exe -IC:/Ruby27-x64/include/ruby-2.7.0/x64-mingw32 -IC:/Ruby27-x64/include/ruby-2.7.0/ruby/backward -IC:/Ruby27-x64/include/ruby-2.7.0 -I. -D__USE_MINGW_ANSI_STDIO=1 -DFD_SETSIZE=2048 -D_WIN32_WINNT=0x0600 -D__MINGW_USE_VC2005_COMPAT -D_FILE_OFFSET_BITS=64  -O3 -fno-fast-math -fstack-protector-strong conftest.c  -L. -LC:/Ruby27-x64/lib -L. -pipe -s -fstack-protector-strong  -m64   -lx64-msvcrt-ruby270  -lshell32 -lws2_32 -liphlpapi -limagehlp -lshlwapi  "
C:/Ruby27-x64/msys64/mingw64/bin/../lib/gcc/x86_64-w64-mingw32/11.2.0/../../../../x86_64-w64-mingw32/bin/ld.exe: C:\Users\user\AppData\Local\Temp\ccLU3VE3.o:conftest.c:(.text+0x5): undefined reference to `rb_scheduler_timeout'
collect2.exe: error: ld returned 1 exit status
checked program was:
/* begin */
 1: #include "ruby.h"
 2: 
 3: #include <winsock2.h>
 4: #include <windows.h>
 5: 
 6: /*top*/
 7: extern int t(void);
 8: int main(int argc, char **argv)
 9: {
10:   if (argc > 1000000) {
11:     int (* volatile tp)(void)=(int (*)(void))&t;
12:     printf("%d", (*tp)());
13:   }
14: 
15:   return !!argv[argc];
16: }
17: extern void rb_scheduler_timeout();
18: int t(void) { rb_scheduler_timeout(); return 0; }
/* end */

--------------------

